alexeyz@Alexeys-MacBook-Pro DB % ./mysql_run.sh
Enter password: 
Welcome to the MySQL monitor.  Commands end with ; or \g.
Your MySQL connection id is 18
Server version: 8.0.21 MySQL Community Server - GPL

Copyright (c) 2000, 2020, Oracle and/or its affiliates. All rights reserved.

Oracle is a registered trademark of Oracle Corporation and/or its
affiliates. Other names may be trademarks of their respective
owners.

Type 'help;' or '\h' for help. Type '\c' to clear the current input statement.

mysql> create database example;
Query OK, 1 row affected (0.00 sec)

mysql> show databases;
+--------------------+
| Database           |
+--------------------+
| example            |
| information_schema |
| mysql              |
| performance_schema |
| sys                |
+--------------------+
5 rows in set (0.00 sec)

mysql> use example
Database changed

mysql> show tables;
Empty set (0.00 sec)

mysql> source tbl_users.sql
Query OK, 0 rows affected (0.02 sec)

mysql> show tables;
+-------------------+
| Tables_in_example |
+-------------------+
| users             |
+-------------------+
1 row in set (0.00 sec)

mysql> describe users
    -> ;
+-------+-----------------+------+-----+---------+----------------+
| Field | Type            | Null | Key | Default | Extra          |
+-------+-----------------+------+-----+---------+----------------+
| id    | bigint unsigned | NO   | PRI | NULL    | auto_increment |
| name  | varchar(255)    | YES  |     | NULL    |                |
+-------+-----------------+------+-----+---------+----------------+
2 rows in set (0.01 sec)

mysql> 
