alexeyz@Alexeys-MacBook-Pro DB % /usr/local/mysql-8.0.21-macos10.15-x86_64/bin/mysqldump -u root -p example > example.sql
Enter password: 
alexeyz@Alexeys-MacBook-Pro DB % ls -al
total 40
drwxr-xr-x   8 alexeyz  staff   256 Aug 12 00:47 .
drwxr-xr-x  11 alexeyz  staff   352 Aug 11 21:42 ..
-rw-r--r--@  1 alexeyz  staff  6148 Aug 12 00:24 .DS_Store
drwxr-xr-x@  3 alexeyz  staff    96 Aug 11 22:19 1
drwxr-xr-x@  6 alexeyz  staff   192 Aug 12 00:33 2
-rw-r--r--   1 alexeyz  staff  1965 Aug 12 00:49 example.sql
-rwxr-xr-x@  1 alexeyz  staff    93 Aug 12 00:08 mysql_run.sh
-rw-r--r--   1 alexeyz  staff   139 Aug 12 00:26 tbl_users.sql
alexeyz@Alexeys-MacBook-Pro DB %     
alexeyz@Alexeys-MacBook-Pro DB % 
alexeyz@Alexeys-MacBook-Pro DB % ./mysql_run.sh                                                                          
Enter password: 
Welcome to the MySQL monitor.  Commands end with ; or \g.
Your MySQL connection id is 25
Server version: 8.0.21 MySQL Community Server - GPL

Copyright (c) 2000, 2020, Oracle and/or its affiliates. All rights reserved.

Oracle is a registered trademark of Oracle Corporation and/or its
affiliates. Other names may be trademarks of their respective
owners.

Type 'help;' or '\h' for help. Type '\c' to clear the current input statement.

mysql> create database sample;
Query OK, 1 row affected (0.01 sec)

mysql> show databases;
+--------------------+
| Database           |
+--------------------+
| example            |
| information_schema |
| mysql              |
| performance_schema |
| sample             |
| sys                |
+--------------------+
6 rows in set (0.00 sec)

mysql> \q
Bye
alexeyz@Alexeys-MacBook-Pro DB % /usr/local/mysql-8.0.21-macos10.15-x86_64/bin/mysql -u root -p sample < example.sql
Enter password: 
alexeyz@Alexeys-MacBook-Pro DB % ./mysql_run.sh sample                                                              
Enter password: 
Reading table information for completion of table and column names
You can turn off this feature to get a quicker startup with -A

Welcome to the MySQL monitor.  Commands end with ; or \g.
Your MySQL connection id is 27
Server version: 8.0.21 MySQL Community Server - GPL

Copyright (c) 2000, 2020, Oracle and/or its affiliates. All rights reserved.

Oracle is a registered trademark of Oracle Corporation and/or its
affiliates. Other names may be trademarks of their respective
owners.

Type 'help;' or '\h' for help. Type '\c' to clear the current input statement.

mysql> show tables;
+------------------+
| Tables_in_sample |
+------------------+
| users            |
+------------------+
1 row in set (0.00 sec)

mysql> describe users
    -> ;
+-------+-----------------+------+-----+---------+----------------+
| Field | Type            | Null | Key | Default | Extra          |
+-------+-----------------+------+-----+---------+----------------+
| id    | bigint unsigned | NO   | PRI | NULL    | auto_increment |
| name  | varchar(255)    | YES  |     | NULL    |                |
+-------+-----------------+------+-----+---------+----------------+
2 rows in set (0.01 sec)

mysql> 
